<?xml version="1.0" encoding="UTF-8"?>
<testsuite xmlns:xsi="http://www.w3.org/2001/XMLSchema-instance" xsi:noNamespaceSchemaLocation="https://maven.apache.org/surefire/maven-surefire-plugin/xsd/surefire-test-report-3.0.xsd" version="3.0" name="f1_api.ApiTest" time="122.946" tests="52" errors="0" skipped="0" failures="4">
  <properties>
[...]
</properties>
  <testcase name="[1.1:9] TOKEN1" classname="[target/test-classes/f1_api/van_heroku/auth/create_token_boundary] Create Token API - boundary" time="0.016">
    <system-err><![CDATA[SLF4J(W): No SLF4J providers were found.
SLF4J(W): Defaulting to no-operation (NOP) logger implementation
SLF4J(W): See https://www.slf4j.org/codes.html#noProviders for further details.
]]></system-err>
  </testcase>
  <testcase name="[1.2:9] TOKEN2" classname="[target/test-classes/f1_api/van_heroku/auth/create_token_boundary] Create Token API - boundary" time="0.0"/>
  <testcase name="[1.3:9] TOKEN3" classname="[target/test-classes/f1_api/van_heroku/auth/create_token_boundary] Create Token API - boundary" time="0.0"/>
  <testcase name="[1.4:9] TOKEN4" classname="[target/test-classes/f1_api/van_heroku/auth/create_token_boundary] Create Token API - boundary" time="0.0"/>
  <testcase name="[1:2] SQL Injection attempt" classname="[target/test-classes/f1_api/van_heroku/auth/security1] SQL Injection attempt" time="0.001"/>
  <testcase name="[1:3] NoSQL Injection attempt" classname="[target/test-classes/f1_api/van_heroku/auth/security2] noSQL Injection attempt" time="0.0"/>
  <testcase name="[1:3] NoSQL Injection attempt" classname="[target/test-classes/f1_api/van_heroku/auth/security3] noSQL Injection attempt" time="0.0"/>
  <testcase name="[1:3] User enumeration check" classname="[target/test-classes/f1_api/van_heroku/auth/security4] User enumeration" time="0.0"/>
  <testcase name="[2:9] Non-existing user" classname="[target/test-classes/f1_api/van_heroku/auth/security4] User enumeration" time="0.0"/>
  <testcase name="[1:3] Timing attack check" classname="[target/test-classes/f1_api/van_heroku/auth/security5] Timing attack check" time="0.0"/>
  <testcase name="[1:3] Token should be random" classname="[target/test-classes/f1_api/van_heroku/auth/security6] Token should be random" time="0.0"/>
  <testcase name="[1:3] Try attack by user and password" classname="[target/test-classes/f1_api/van_heroku/auth/security7] Brute Force Security Test" time="0.009">
    <failure message="match failed: EQUALS&#10;  $ | data types don&apos;t match (MAP:NULL)&#10;  {&quot;user&quot;:&quot;admin&quot;,&quot;pass&quot;:&quot;password123&quot;,&quot;token&quot;:&quot;8e2c9f4cbec4421&quot;}&#10;  null&#10;" type="java.lang.AssertionError"><![CDATA[java.lang.AssertionError: 
match failed: EQUALS
  $ | data types don't match (MAP:NULL)
  {"user":"admin","pass":"password123","token":"8e2c9f4cbec4421"}
  null

	at io.karatelabs.core.StepExecutor.executeMatch(StepExecutor.java:1219)
	at io.karatelabs.core.StepExecutor.execute(StepExecutor.java:174)
	at io.karatelabs.core.ScenarioRuntime.call(ScenarioRuntime.java:825)
	at io.karatelabs.core.FeatureRuntime.executeScenario(FeatureRuntime.java:284)
	at io.karatelabs.core.FeatureRuntime.call(FeatureRuntime.java:141)
	at io.karatelabs.core.Suite.runFeatureSafely(Suite.java:375)
	at io.karatelabs.core.Suite.runSequential(Suite.java:360)
	at io.karatelabs.core.Suite.run(Suite.java:306)
	at io.karatelabs.core.Runner$Builder.parallel(Runner.java:634)
	at io.karatelabs.junit6.Karate.lambda$stream$0(Karate.java:289)
	at java.base/java.util.concurrent.CompletableFuture$AsyncRun.run(CompletableFuture.java:1804)
	at java.base/java.util.concurrent.CompletableFuture$AsyncRun.exec(CompletableFuture.java:1796)
	at java.base/java.util.concurrent.ForkJoinTask.doExec(ForkJoinTask.java:507)
	at java.base/java.util.concurrent.ForkJoinPool$WorkQueue.topLevelExec(ForkJoinPool.java:1489)
	at java.base/java.util.concurrent.ForkJoinPool.scan(ForkJoinPool.java:2071)
	at java.base/java.util.concurrent.ForkJoinPool.runWorker(ForkJoinPool.java:2033)
	at java.base/java.util.concurrent.ForkJoinWorkerThread.run(ForkJoinWorkerThread.java:187)
]]></failure>
  </testcase>
  <testcase name="[1:7] GBK-EP-01 - Get booking detail by id" classname="[target/test-classes/f1_api/van_heroku/booking/bookingGet1] Booking" time="0.0"/>
  <testcase name="[2:28] GBK-EP2-02 - Miền dữ liệu không hợp lệ" classname="[target/test-classes/f1_api/van_heroku/booking/bookingGet1] Booking" time="0.0"/>
  <testcase name="[3:33] GBK-BVA-01- Min+" classname="[target/test-classes/f1_api/van_heroku/booking/bookingGet1] Booking" time="0.0"/>
  <testcase name="[4:53] GBK-BVA-02- nom" classname="[target/test-classes/f1_api/van_heroku/booking/bookingGet1] Booking" time="0.001"/>
  <testcase name="[5:73] GBK-BVA-03- Max-" classname="[target/test-classes/f1_api/van_heroku/booking/bookingGet1] Booking" time="0.001"/>
  <testcase name="[6:93] GBK-BVA-04- Max" classname="[target/test-classes/f1_api/van_heroku/booking/bookingGet1] Booking" time="0.0"/>
  <testcase name="[1:6] GBK-EP-01  get booking ids and validate response" classname="[target/test-classes/f1_api/van_heroku/booking/bookingGet2] BookingIds" time="0.0"/>
  <testcase name="[2:15] GBK-EP-02 - Filter theo firstname tồn tại" classname="[target/test-classes/f1_api/van_heroku/booking/bookingGet2] BookingIds" time="0.0"/>
  <testcase name="[3:23] GBK-EP-03 - Filter theo lastname tồn tại" classname="[target/test-classes/f1_api/van_heroku/booking/bookingGet2] BookingIds" time="0.0"/>
  <testcase name="[4:31] GBK-EP-04 - Filter kết hợp firstname + lastname" classname="[target/test-classes/f1_api/van_heroku/booking/bookingGet2] BookingIds" time="0.0"/>
  <testcase name="[5:41] GBK-EP-05 - Filter không khớp bất kỳ record nào" classname="[target/test-classes/f1_api/van_heroku/booking/bookingGet2] BookingIds" time="0.015"/>
  <testcase name="[6:50] GBK-BVA-01 - firstname = chuỗi 1 ký tự" classname="[target/test-classes/f1_api/van_heroku/booking/bookingGet2] BookingIds" time="0.0"/>
  <testcase name="[7:57] GBK-BVA-02 - firstname = chuỗi rỗng" classname="[target/test-classes/f1_api/van_heroku/booking/bookingGet2] BookingIds" time="0.0"/>
  <testcase name="[8:64] GBK-BVA-03 - checkin ngày hợp lệ đúng format" classname="[target/test-classes/f1_api/van_heroku/booking/bookingGet2] BookingIds" time="0.0"/>
  <testcase name="[9:71] GBK-BVA-04 - checkin sai định dạng" classname="[target/test-classes/f1_api/van_heroku/booking/bookingGet2] BookingIds" time="0.0">
    <failure message="assert failed: responseStatus == 200 || responseStatus == 400" type="java.lang.AssertionError"><![CDATA[java.lang.AssertionError: assert failed: responseStatus == 200 || responseStatus == 400
	at io.karatelabs.core.StepExecutor.executeAssert(StepExecutor.java:1656)
	at io.karatelabs.core.StepExecutor.execute(StepExecutor.java:175)
	at io.karatelabs.core.ScenarioRuntime.call(ScenarioRuntime.java:825)
	at io.karatelabs.core.FeatureRuntime.executeScenario(FeatureRuntime.java:284)
	at io.karatelabs.core.FeatureRuntime.call(FeatureRuntime.java:141)
	at io.karatelabs.core.Suite.runFeatureSafely(Suite.java:375)
	at io.karatelabs.core.Suite.runSequential(Suite.java:360)
	at io.karatelabs.core.Suite.run(Suite.java:306)
	at io.karatelabs.core.Runner$Builder.parallel(Runner.java:634)
	at io.karatelabs.junit6.Karate.lambda$stream$0(Karate.java:289)
	at java.base/java.util.concurrent.CompletableFuture$AsyncRun.run(CompletableFuture.java:1804)
	at java.base/java.util.concurrent.CompletableFuture$AsyncRun.exec(CompletableFuture.java:1796)
	at java.base/java.util.concurrent.ForkJoinTask.doExec(ForkJoinTask.java:507)
	at java.base/java.util.concurrent.ForkJoinPool$WorkQueue.topLevelExec(ForkJoinPool.java:1489)
	at java.base/java.util.concurrent.ForkJoinPool.scan(ForkJoinPool.java:2071)
	at java.base/java.util.concurrent.ForkJoinPool.runWorker(ForkJoinPool.java:2033)
	at java.base/java.util.concurrent.ForkJoinWorkerThread.run(ForkJoinWorkerThread.java:187)
]]></failure>
  </testcase>
  <testcase name="[10:77] GBK-BVA-05 - checkout nhỏ hơn checkin" classname="[target/test-classes/f1_api/van_heroku/booking/bookingGet2] BookingIds" time="0.0"/>
  <testcase name="[1:8] CBK-EP-01 - Đầy đủ field hợp lệ" classname="[target/test-classes/f1_api/van_heroku/booking/createBooking] Create Booking API" time="0.0"/>
  <testcase name="[2:47] CBK-EP-02 - Thiếu firstname" classname="[target/test-classes/f1_api/van_heroku/booking/createBooking] Create Booking API" time="0.0"/>
  <testcase name="[3:65] CBK-EP-03 - Thiếu bookingdates" classname="[target/test-classes/f1_api/van_heroku/booking/createBooking] Create Booking API" time="0.0"/>
  <testcase name="[4:80] CBK-EP-04 - depositpaid = false" classname="[target/test-classes/f1_api/van_heroku/booking/createBooking] Create Booking API" time="0.0"/>
  <testcase name="[5:101] CBK-EP-05 - totalprice sai kiểu dữ liệu" classname="[target/test-classes/f1_api/van_heroku/booking/createBooking] Create Booking API" time="0.0"/>
  <testcase name="[1:22] DEL-EP-01 xoá thành công với token hợp lệ" classname="[target/test-classes/f1_api/van_heroku/booking/deleteBooking] Delete Booking API" time="0.001">
    <failure message="expected status: 201, actual: 405" type="java.lang.AssertionError"><![CDATA[java.lang.AssertionError: expected status: 201, actual: 405
	at io.karatelabs.core.StepExecutor.executeStatus(StepExecutor.java:2117)
	at io.karatelabs.core.StepExecutor.execute(StepExecutor.java:193)
	at io.karatelabs.core.ScenarioRuntime.call(ScenarioRuntime.java:825)
	at io.karatelabs.core.FeatureRuntime.executeScenario(FeatureRuntime.java:284)
	at io.karatelabs.core.FeatureRuntime.call(FeatureRuntime.java:141)
	at io.karatelabs.core.Suite.runFeatureSafely(Suite.java:375)
	at io.karatelabs.core.Suite.runSequential(Suite.java:360)
	at io.karatelabs.core.Suite.run(Suite.java:306)
	at io.karatelabs.core.Runner$Builder.parallel(Runner.java:634)
	at io.karatelabs.junit6.Karate.lambda$stream$0(Karate.java:289)
	at java.base/java.util.concurrent.CompletableFuture$AsyncRun.run(CompletableFuture.java:1804)
	at java.base/java.util.concurrent.CompletableFuture$AsyncRun.exec(CompletableFuture.java:1796)
	at java.base/java.util.concurrent.ForkJoinTask.doExec(ForkJoinTask.java:507)
	at java.base/java.util.concurrent.ForkJoinPool$WorkQueue.topLevelExec(ForkJoinPool.java:1489)
	at java.base/java.util.concurrent.ForkJoinPool.scan(ForkJoinPool.java:2071)
	at java.base/java.util.concurrent.ForkJoinPool.runWorker(ForkJoinPool.java:2033)
	at java.base/java.util.concurrent.ForkJoinWorkerThread.run(ForkJoinWorkerThread.java:187)
]]></failure>
  </testcase>
  <testcase name="[2:30] DEL-EP-02 xoá không hợp lệ: không có token" classname="[target/test-classes/f1_api/van_heroku/booking/deleteBooking] Delete Booking API" time="0.0"/>
  <testcase name="[3:37] DEL-EP-03 xoá không hợp lệ: token sai" classname="[target/test-classes/f1_api/van_heroku/booking/deleteBooking] Delete Booking API" time="0.0"/>
  <testcase name="[4:45] DEL-EP-04 xoá booking đã bị xoá" classname="[target/test-classes/f1_api/van_heroku/booking/deleteBooking] Delete Booking API" time="0.0">
    <failure message="expected status: 201, actual: 405" type="java.lang.AssertionError"><![CDATA[java.lang.AssertionError: expected status: 201, actual: 405
	at io.karatelabs.core.StepExecutor.executeStatus(StepExecutor.java:2117)
	at io.karatelabs.core.StepExecutor.execute(StepExecutor.java:193)
	at io.karatelabs.core.ScenarioRuntime.call(ScenarioRuntime.java:825)
	at io.karatelabs.core.FeatureRuntime.executeScenario(FeatureRuntime.java:284)
	at io.karatelabs.core.FeatureRuntime.call(FeatureRuntime.java:141)
	at io.karatelabs.core.Suite.runFeatureSafely(Suite.java:375)
	at io.karatelabs.core.Suite.runSequential(Suite.java:360)
	at io.karatelabs.core.Suite.run(Suite.java:306)
	at io.karatelabs.core.Runner$Builder.parallel(Runner.java:634)
	at io.karatelabs.junit6.Karate.lambda$stream$0(Karate.java:289)
	at java.base/java.util.concurrent.CompletableFuture$AsyncRun.run(CompletableFuture.java:1804)
	at java.base/java.util.concurrent.CompletableFuture$AsyncRun.exec(CompletableFuture.java:1796)
	at java.base/java.util.concurrent.ForkJoinTask.doExec(ForkJoinTask.java:507)
	at java.base/java.util.concurrent.ForkJoinPool$WorkQueue.topLevelExec(ForkJoinPool.java:1489)
	at java.base/java.util.concurrent.ForkJoinPool.scan(ForkJoinPool.java:2071)
	at java.base/java.util.concurrent.ForkJoinPool.runWorker(ForkJoinPool.java:2033)
	at java.base/java.util.concurrent.ForkJoinWorkerThread.run(ForkJoinWorkerThread.java:187)
]]></failure>
  </testcase>
  <testcase name="[5:60] DEL-EP-05 xoá booking không tồn tại" classname="[target/test-classes/f1_api/van_heroku/booking/deleteBooking] Delete Booking API" time="0.0"/>
  <testcase name="[1:20] UPD-EP-01 cập nhật hợp lệ" classname="[target/test-classes/f1_api/van_heroku/booking/updateBooking] Update firstname of booking" time="0.0"/>
  <testcase name="[2:38] UPD-EP-02 cập nhật không hợp lệ: không có token" classname="[target/test-classes/f1_api/van_heroku/booking/updateBooking] Update firstname of booking" time="0.0"/>
  <testcase name="[3:52] UPD-EP-03 cập nhật không hợp lệ: Token sai" classname="[target/test-classes/f1_api/van_heroku/booking/updateBooking] Update firstname of booking" time="0.0"/>
  <testcase name="[4:66] UPD-EP-04 cập nhật không hợp lệ: Booking không tồn tại" classname="[target/test-classes/f1_api/van_heroku/booking/updateBooking] Update firstname of booking" time="0.0"/>
  <testcase name="[5:80] UPD-EP-05 cập nhật không hợp lệ: Body thiếu" classname="[target/test-classes/f1_api/van_heroku/booking/updateBooking] Update firstname of booking" time="0.0"/>
  <testcase name="[1:20] PAT-EP-01 cập nhật 1 field" classname="[target/test-classes/f1_api/van_heroku/booking/updateBooking2] Partial Update Booking API" time="0.0"/>
  <testcase name="[2:46] PAT-EP-02 cập nhật nhiều field cùng lúc" classname="[target/test-classes/f1_api/van_heroku/booking/updateBooking2] Partial Update Booking API" time="0.0"/>
  <testcase name="[3:74] PAT-EP-03 cập nhật không hợp lệ: không có token" classname="[target/test-classes/f1_api/van_heroku/booking/updateBooking2] Partial Update Booking API" time="0.0"/>
  <testcase name="[4:88] PAT-EP-04 field không tồn tại trong schema" classname="[target/test-classes/f1_api/van_heroku/booking/updateBooking2] Partial Update Booking API" time="0.0"/>
  <testcase name="[5:107] PAT-BVA-01 body rỗng {}" classname="[target/test-classes/f1_api/van_heroku/booking/updateBooking2] Partial Update Booking API" time="0.0"/>
  <testcase name="[6:120] PAT-BVA-02 firstname là chuỗi rỗng" classname="[target/test-classes/f1_api/van_heroku/booking/updateBooking2] Partial Update Booking API" time="0.0"/>
  <testcase name="[7:138] PAT-BVA-03 totalprice = 0" classname="[target/test-classes/f1_api/van_heroku/booking/updateBooking2] Partial Update Booking API" time="0.0"/>
  <testcase name="[1:8] PNG-EP-01 Health check cơ bản" classname="[target/test-classes/f1_api/van_heroku/ping/ping] Ping API" time="0.0"/>
  <testcase name="[2:17] PNG-EP-02 Sai HTTP method POST /ping" classname="[target/test-classes/f1_api/van_heroku/ping/ping] Ping API" time="0.0"/>
</testsuite>